#
# A fatal error has been detected by the Java Runtime Environment:
#
#  SIGSEGV (0xb) at pc=0x000000012d9a5511, pid=18716, tid=2571
#
# JRE version: Java(TM) SE Runtime Environment (8.0_45-b14) (build 1.8.0_45-b14)
# Java VM: Java HotSpot(TM) 64-Bit Server VM (25.45-b02 mixed mode bsd-amd64 compressed oops)
# Problematic frame:
# C  [libglass.dylib+0x15511]  GlassScreenDidChangeScreenParameters+0x21
#
# Failed to write core dump. Core dumps have been disabled. To enable core dumping, try "ulimit -c unlimited" before starting Java again
#
# If you would like to submit a bug report, please visit:
#   http://bugreport.java.com/bugreport/crash.jsp
#

---------------  T H R E A D  ---------------

Current thread is native thread

siginfo: si_signo: 11 (SIGSEGV), si_code: 1 (SEGV_MAPERR), si_addr: 0x0000000000000000

Registers:
RAX=0x000000012d9d7ac8, RBX=0x0000000000000000, RCX=0x0000000000000103, RDX=0x0000010000000100
RSP=0x00007fff519fb8c0, RBP=0x00007fff519fb8d0, RSI=0x00007fb8f0603530, RDI=0x0000000000000000
R8 =0x0000000000000040, R9 =0x00007fff7463e1e0, R10=0xffffffffffffffff, R11=0x0000000000000246
R12=0x00007fb8f2d00600, R13=0x00007fb8f05442a0, R14=0x00007fb8f0544360, R15=0x0000000000000000
RIP=0x000000012d9a5511, EFLAGS=0x0000000000010246, ERR=0x0000000000000004
  TRAPNO=0x000000000000000e

Top of Stack: (sp=0x00007fff519fb8c0)
0x00007fff519fb8c0:   00007fff519fb918 00007fb8f0544360
0x00007fff519fb8d0:   00007fff519fb8e0 00007fff85db7bbc
0x00007fff519fb8e0:   00007fff519fb900 00007fff85db7b4f
0x00007fff519fb8f0:   0000000000000000 0000000000000000
0x00007fff519fb900:   00007fff519fb970 00007fff85db7ac7
0x00007fff519fb910:   00007fff861786c0 00007fff74abf0a0
0x00007fff519fb920:   0000000042000000 00007fff85db7b10
0x00007fff519fb930:   00007fff735c2720 00007fb8f05442a0
0x00007fff519fb940:   00007fb8f2d00600 00007fff519fc118
0x00007fff519fb950:   00007fff736ef780 00007fff519fc118
0x00007fff519fb960:   00007fb8f05442a0 00007fff861779e2
0x00007fff519fb970:   00007fff519fb9b0 00007fff85db7832
0x00007fff519fb980:   00007fff519fbf90 0000000000000000
0x00007fff519fb990:   00007fff736ef780 00007fff519fc118
0x00007fff519fb9a0:   00007fff86e134c0 00007fff861779e2
0x00007fff519fb9b0:   00007fff519fc0c0 00007fff85d745e2
0x00007fff519fb9c0:   00007fb8f2900600 0000000000000002
0x00007fff519fb9d0:   0000000000000000 00007fb8f060ab30
0x00007fff519fb9e0:   00007fb8f0809048 00007fb8f0751190
0x00007fff519fb9f0:   0000000000000000 00007fb8f05443c0
0x00007fff519fba00:   0000000000000000 0000000000000000
0x00007fff519fba10:   00007fff735ffbc0 00007fff519fbf90
0x00007fff519fba20:   0000000000000001 0000000000000100
0x00007fff519fba30:   0000000000001d00 00007fff519fbe90
0x00007fff519fba40:   0000000000000000 0000000000000100
0x00007fff519fba50:   4095940000000000 00007fff736ef780
0x00007fff519fba60:   0000000000000000 00007fff735c3500
0x00007fff519fba70:   00007fff736ef780 0000000000000000
0x00007fff519fba80:   00007fff735c3500 00007fb8f2d003b0
0x00007fff519fba90:   00007fb8f2900600 00007fff8f1981ab
0x00007fff519fbaa0:   0000000000169201 00007fff7418f2c0
0x00007fff519fbab0:   0000000000169200 000000007418f2c0 

Instructions: (pc=0x000000012d9a5511)
0x000000012d9a54f1:   48 89 e5 41 56 53 48 8d 05 c2 26 03 00 48 83 38
0x000000012d9a5501:   00 48 89 fb 75 72 48 8d 05 ba 25 03 00 48 8b 30
0x000000012d9a5511:   48 8b 03 48 8d 15 6c 9a 01 00 48 8d 0d 86 6f 01
0x000000012d9a5521:   00 48 89 df ff 90 88 03 00 00 48 8d 0d 8e 26 03 

Register to memory mapping:

RAX=0x000000012d9d7ac8: jScreenClass+0 in /Library/Java/JavaVirtualMachines/jdk1.8.0_45.jdk/Contents/Home/jre/lib/libglass.dylib at 0x000000012d990000
RBX=0x0000000000000000 is an unknown value
RCX=0x0000000000000103 is an unknown value
RDX=0x0000010000000100 is an unknown value
RSP=0x00007fff519fb8c0 is an unknown value
RBP=0x00007fff519fb8d0 is an unknown value
RSI=0x00007fb8f0603530 is a global jni handle
RDI=0x0000000000000000 is an unknown value
R8 =0x0000000000000040 is an unknown value
R9 =0x00007fff7463e1e0: __sFX+0x1c0 in /usr/lib/system/libsystem_c.dylib at 0x00007fff893e3000
R10=0xffffffffffffffff is an unknown value
R11=0x0000000000000246 is an unknown value
R12=0x00007fb8f2d00600 is an unknown value
R13=0x00007fb8f05442a0 is an unknown value
R14=0x00007fb8f0544360 is an unknown value
R15=0x0000000000000000 is an unknown value


Stack: [0x00007fff511ff000,0x00007fff519ff000],  sp=0x00007fff519fb8c0,  free space=8178k
Native frames: (J=compiled Java code, j=interpreted, Vv=VM code, C=native code)
C  [libglass.dylib+0x15511]  GlassScreenDidChangeScreenParameters+0x21
C  [CoreFoundation+0xa0bbc]  __CFNOTIFICATIONCENTER_IS_CALLING_OUT_TO_AN_OBSERVER__+0xc
C  [CoreFoundation+0xa0b4f]  ___CFXRegistrationPost_block_invoke+0x3f
C  [CoreFoundation+0xa0ac7]  _CFXRegistrationPost+0x197
C  [CoreFoundation+0xa0832]  ___CFXNotificationPost_block_invoke+0x32
C  [CoreFoundation+0x5d5e2]  -[_CFXNotificationRegistrar find:object:observer:enumerator:]+0x782
C  [CoreFoundation+0x5c835]  _CFXNotificationPost+0x2b5
C  [Foundation+0x6fda]  -[NSNotificationCenter postNotificationName:object:userInfo:]+0x42
C  [AppKit+0x41c157]  -[NSApplication _reactToScreenInvalidationImmediately:]+0x17f
C  [AppKit+0x41bfa8]  __44-[NSApplication _reactToScreenInvalidation:]_block_invoke+0x3b
C  [CoreFoundation+0xaa4ac]  __CFRUNLOOP_IS_CALLING_OUT_TO_A_BLOCK__+0xc
C  [CoreFoundation+0x89d05]  __CFRunLoopDoBlocks+0x155
C  [CoreFoundation+0x89a6b]  __CFRunLoopRun+0x92b
C  [CoreFoundation+0x88ed8]  CFRunLoopRunSpecific+0x128
C  [java+0x6490]  CreateExecutionEnvironment+0x367
C  [java+0x221c]  JLI_Launch+0x7a0
C  [java+0x84ed]  main+0x65
C  [java+0x1a74]  start+0x34


---------------  P R O C E S S  ---------------

VM state:at safepoint (normal execution)

VM Mutex/Monitor currently owned by a thread:  ([mutex/lock_event])
[0x00007fb8f04173c0] Threads_lock - owner thread: 0x00007fb8f1020800

Heap:
 PSYoungGen      total 76288K, used 18801K [0x000000076ab00000, 0x0000000770000000, 0x00000007c0000000)
  eden space 65536K, 28% used [0x000000076ab00000,0x000000076bd5c4e0,0x000000076eb00000)
  from space 10752K, 0% used [0x000000076f580000,0x000000076f580000,0x0000000770000000)
  to   space 10752K, 0% used [0x000000076eb00000,0x000000076eb00000,0x000000076f580000)
 ParOldGen       total 175104K, used 0K [0x00000006c0000000, 0x00000006cab00000, 0x000000076ab00000)
  object space 175104K, 0% used [0x00000006c0000000,0x00000006c0000000,0x00000006cab00000)
 Metaspace       used 8166K, capacity 8558K, committed 8704K, reserved 1056768K
  class space    used 1029K, capacity 1164K, committed 1280K, reserved 1048576K

Card table byte_map: [0x000000011f929000,0x000000012012a000] byte_map_base: 0x000000011c329000

Marking Bits: (ParMarkBitMap*) 0x000000010fec27a0
 Begin Bits: [0x0000000120680000, 0x0000000124680000)
 End Bits:   [0x0000000124680000, 0x0000000128680000)

Polling page: 0x000000010e4c4000

CodeCache: size=245760Kb used=2320Kb max_used=2329Kb free=243440Kb
 bounds [0x0000000110569000, 0x00000001107d9000, 0x000000011f569000]
 total_blobs=954 nmethods=546 adapters=322
 compilation: enabled

Compilation events (10 events):
Event: 0.424 Thread 0x00007fb8f0822800  542       4       java.lang.AbstractStringBuilder::ensureCapacityInternal (16 bytes)
Event: 0.425 Thread 0x00007fb8f1031800  543       1       java.nio.Buffer::limit (5 bytes)
Event: 0.425 Thread 0x00007fb8f1031800 nmethod 543 0x00000001107ad790 code [0x00000001107ad8e0, 0x00000001107ad9f0]
Event: 0.426 Thread 0x00007fb8f1031800  544       3       java.nio.ByteBuffer::arrayOffset (35 bytes)
Event: 0.426 Thread 0x00007fb8f1031800 nmethod 544 0x00000001107ad190 code [0x00000001107ad320, 0x00000001107ad638]
Event: 0.426 Thread 0x00007fb8f1031800  545       3       java.nio.Buffer::position (43 bytes)
Event: 0.426 Thread 0x00007fb8f1031800 nmethod 545 0x00000001107acc90 code [0x00000001107ace00, 0x00000001107ad0c8]
Event: 0.426 Thread 0x00007fb8f1031800  546       3       java.nio.CharBuffer::arrayOffset (35 bytes)
Event: 0.426 Thread 0x00007fb8f1031800 nmethod 546 0x00000001107ac690 code [0x00000001107ac820, 0x00000001107acb38]
Event: 0.427 Thread 0x00007fb8f0822800 nmethod 542 0x00000001107af610 code [0x00000001107af760, 0x00000001107af9f8]

GC Heap History (0 events):
No events

Deoptimization events (1 events):
Event: 0.363 Thread 0x00007fb8f093d000 Uncommon trap: reason=unstable_if action=reinterpret pc=0x0000000110724634 method=java.lang.String.replace(CC)Ljava/lang/String; @ 2

Internal exceptions (10 events):
Event: 0.118 Thread 0x00007fb8f2002000 Exception <a 'java/lang/NoSuchFieldError': method resolution failed> (0x000000076afa5460) thrown at [/Users/java_re/workspace/8-2-build-macosx-x86_64/jdk8u45/3457/hotspot/src/share/vm/prims/methodHandles.cpp, line 1125]
Event: 0.119 Thread 0x00007fb8f2002000 Exception <a 'java/lang/NoSuchFieldError': method resolution failed> (0x000000076afb3b30) thrown at [/Users/java_re/workspace/8-2-build-macosx-x86_64/jdk8u45/3457/hotspot/src/share/vm/prims/methodHandles.cpp, line 1125]
Event: 0.132 Thread 0x00007fb8f2002000 Exception <a 'java/security/PrivilegedActionException'> (0x000000076b0400f8) thrown at [/Users/java_re/workspace/8-2-build-macosx-x86_64/jdk8u45/3457/hotspot/src/share/vm/prims/jvm.cpp, line 1382]
Event: 0.132 Thread 0x00007fb8f2002000 Exception <a 'java/security/PrivilegedActionException'> (0x000000076b0402b0) thrown at [/Users/java_re/workspace/8-2-build-macosx-x86_64/jdk8u45/3457/hotspot/src/share/vm/prims/jvm.cpp, line 1382]
Event: 0.132 Thread 0x00007fb8f2002000 Exception <a 'java/security/PrivilegedActionException'> (0x000000076b0434a0) thrown at [/Users/java_re/workspace/8-2-build-macosx-x86_64/jdk8u45/3457/hotspot/src/share/vm/prims/jvm.cpp, line 1382]
Event: 0.132 Thread 0x00007fb8f2002000 Exception <a 'java/security/PrivilegedActionException'> (0x000000076b043658) thrown at [/Users/java_re/workspace/8-2-build-macosx-x86_64/jdk8u45/3457/hotspot/src/share/vm/prims/jvm.cpp, line 1382]
Event: 0.133 Thread 0x00007fb8f2002000 Exception <a 'java/lang/NullPointerException'> (0x000000076b044f78) thrown at [/Users/java_re/workspace/8-2-build-macosx-x86_64/jdk8u45/3457/hotspot/src/share/vm/interpreter/linkResolver.cpp, line 1178]
Event: 0.380 Thread 0x00007fb8f093d000 Exception <a 'java/lang/NullPointerException'> (0x000000076babad80) thrown at [/Users/java_re/workspace/8-2-build-macosx-x86_64/jdk8u45/3457/hotspot/src/share/vm/interpreter/linkResolver.cpp, line 1178]
Event: 0.380 Thread 0x00007fb8f093d000 Exception <a 'java/lang/NullPointerException'> (0x000000076babad80) thrown at [/Users/java_re/workspace/8-2-build-macosx-x86_64/jdk8u45/3457/hotspot/src/share/vm/prims/jvm.cpp, line 1386]
Event: 0.425 Thread 0x00007fb8f2002000 Exception <a 'java/lang/reflect/InvocationTargetException'> (0x000000076b2923c8) thrown at [/Users/java_re/workspace/8-2-build-macosx-x86_64/jdk8u45/3457/hotspot/src/share/vm/runtime/reflection.cpp, line 1080]

Events (10 events):
Event: 0.428 loading class java/util/Formatter$Flags done
Event: 0.428 loading class java/util/Formatter$Conversion
Event: 0.428 loading class java/util/Formatter$Conversion done
Event: 0.429 loading class java/util/Formattable
Event: 0.429 loading class java/util/Formattable done
Event: 0.429 loading class java/util/IdentityHashMap$KeyIterator
Event: 0.429 loading class java/util/IdentityHashMap$IdentityHashMapIterator
Event: 0.429 loading class java/util/IdentityHashMap$IdentityHashMapIterator done
Event: 0.429 loading class java/util/IdentityHashMap$KeyIterator done
Event: 0.429 Executing VM operation: Exit


Dynamic libraries:
0x0000000002ed1000 	/System/Library/Frameworks/Cocoa.framework/Versions/A/Cocoa
0x0000000002ed1000 	/System/Library/Frameworks/Security.framework/Versions/A/Security
0x0000000002ed1000 	/System/Library/Frameworks/ApplicationServices.framework/Versions/A/ApplicationServices
0x0000000002ed1000 	/usr/lib/libz.1.dylib
0x0000000002ed1000 	/usr/lib/libSystem.B.dylib
0x0000000002ed1000 	/usr/lib/libobjc.A.dylib
0x0000000002ed1000 	/System/Library/Frameworks/CoreFoundation.framework/Versions/A/CoreFoundation
0x0000000002ed1000 	/System/Library/Frameworks/Foundation.framework/Versions/C/Foundation
0x0000000002ed1000 	/System/Library/Frameworks/AppKit.framework/Versions/C/AppKit
0x0000000002ed1000 	/System/Library/Frameworks/CoreData.framework/Versions/A/CoreData
0x0000000002ed1000 	/System/Library/PrivateFrameworks/RemoteViewServices.framework/Versions/A/RemoteViewServices
0x0000000002ed1000 	/System/Library/PrivateFrameworks/UIFoundation.framework/Versions/A/UIFoundation
0x0000000002ed1000 	/usr/lib/libScreenReader.dylib
0x0000000002ed1000 	/System/Library/Frameworks/Accelerate.framework/Versions/A/Accelerate
0x0000000002ed1000 	/System/Library/Frameworks/IOSurface.framework/Versions/A/IOSurface
0x0000000002ed1000 	/System/Library/Frameworks/AudioToolbox.framework/Versions/A/AudioToolbox
0x0000000002ed1000 	/System/Library/Frameworks/AudioUnit.framework/Versions/A/AudioUnit
0x0000000002ed1000 	/System/Library/PrivateFrameworks/DataDetectorsCore.framework/Versions/A/DataDetectorsCore
0x0000000002ed1000 	/System/Library/PrivateFrameworks/DesktopServicesPriv.framework/Versions/A/DesktopServicesPriv
0x0000000002ed1000 	/System/Library/Frameworks/Carbon.framework/Versions/A/Frameworks/HIToolbox.framework/Versions/A/HIToolbox
0x0000000002ed1000 	/System/Library/Frameworks/QuartzCore.framework/Versions/A/QuartzCore
0x0000000002ed1000 	/System/Library/Frameworks/Carbon.framework/Versions/A/Frameworks/SpeechRecognition.framework/Versions/A/SpeechRecognition
0x0000000002ed1000 	/usr/lib/libauto.dylib
0x0000000002ed1000 	/usr/lib/libicucore.A.dylib
0x0000000002ed1000 	/usr/lib/libxml2.2.dylib
0x0000000002ed1000 	/System/Library/PrivateFrameworks/CoreUI.framework/Versions/A/CoreUI
0x0000000002ed1000 	/System/Library/Frameworks/CoreAudio.framework/Versions/A/CoreAudio
0x0000000002ed1000 	/System/Library/Frameworks/DiskArbitration.framework/Versions/A/DiskArbitration
0x0000000002ed1000 	/usr/lib/liblangid.dylib
0x0000000002ed1000 	/System/Library/PrivateFrameworks/MultitouchSupport.framework/Versions/A/MultitouchSupport
0x0000000002ed1000 	/System/Library/Frameworks/IOKit.framework/Versions/A/IOKit
0x0000000002ed1000 	/usr/lib/libDiagnosticMessagesClient.dylib
0x0000000002ed1000 	/System/Library/Frameworks/CoreServices.framework/Versions/A/CoreServices
0x0000000002ed1000 	/System/Library/PrivateFrameworks/PerformanceAnalysis.framework/Versions/A/PerformanceAnalysis
0x0000000002ed1000 	/System/Library/PrivateFrameworks/GenerationalStorage.framework/Versions/A/GenerationalStorage
0x0000000002ed1000 	/System/Library/Frameworks/OpenGL.framework/Versions/A/OpenGL
0x0000000002ed1000 	/System/Library/PrivateFrameworks/Sharing.framework/Versions/A/Sharing
0x0000000002ed1000 	/System/Library/Frameworks/CoreGraphics.framework/Versions/A/CoreGraphics
0x0000000002ed1000 	/System/Library/Frameworks/CoreImage.framework/Versions/A/CoreImage
0x0000000002ed1000 	/System/Library/Frameworks/CoreText.framework/Versions/A/CoreText
0x0000000002ed1000 	/System/Library/Frameworks/ImageIO.framework/Versions/A/ImageIO
0x0000000002ed1000 	/System/Library/PrivateFrameworks/Backup.framework/Versions/A/Backup
0x0000000002ed1000 	/usr/lib/libextension.dylib
0x0000000002ed1000 	/usr/lib/libarchive.2.dylib
0x0000000002ed1000 	/System/Library/Frameworks/CFNetwork.framework/Versions/A/CFNetwork
0x0000000002ed1000 	/System/Library/Frameworks/SystemConfiguration.framework/Versions/A/SystemConfiguration
0x0000000002ed1000 	/usr/lib/libCRFSuite.dylib
0x0000000002ed1000 	/usr/lib/libc++.1.dylib
0x0000000002ed1000 	/usr/lib/libc++abi.dylib
0x0000000002ed1000 	/usr/lib/system/libcache.dylib
0x0000000002ed1000 	/usr/lib/system/libcommonCrypto.dylib
0x0000000002ed1000 	/usr/lib/system/libcompiler_rt.dylib
0x0000000002ed1000 	/usr/lib/system/libcopyfile.dylib
0x0000000002ed1000 	/usr/lib/system/libcorecrypto.dylib
0x0000000002ed1000 	/usr/lib/system/libdispatch.dylib
0x0000000002ed1000 	/usr/lib/system/libdyld.dylib
0x0000000002ed1000 	/usr/lib/system/libkeymgr.dylib
0x0000000002ed1000 	/usr/lib/system/liblaunch.dylib
0x0000000002ed1000 	/usr/lib/system/libmacho.dylib
0x0000000002ed1000 	/usr/lib/system/libquarantine.dylib
0x0000000002ed1000 	/usr/lib/system/libremovefile.dylib
0x0000000002ed1000 	/usr/lib/system/libsystem_asl.dylib
0x0000000002ed1000 	/usr/lib/system/libsystem_blocks.dylib
0x0000000002ed1000 	/usr/lib/system/libsystem_c.dylib
0x0000000002ed1000 	/usr/lib/system/libsystem_configuration.dylib
0x0000000002ed1000 	/usr/lib/system/libsystem_coreservices.dylib
0x0000000002ed1000 	/usr/lib/system/libsystem_coretls.dylib
0x0000000002ed1000 	/usr/lib/system/libsystem_dnssd.dylib
0x0000000002ed1000 	/usr/lib/system/libsystem_info.dylib
0x0000000002ed1000 	/usr/lib/system/libsystem_kernel.dylib
0x0000000002ed1000 	/usr/lib/system/libsystem_m.dylib
0x0000000002ed1000 	/usr/lib/system/libsystem_malloc.dylib
0x0000000002ed1000 	/usr/lib/system/libsystem_network.dylib
0x0000000002ed1000 	/usr/lib/system/libsystem_networkextension.dylib
0x0000000002ed1000 	/usr/lib/system/libsystem_notify.dylib
0x0000000002ed1000 	/usr/lib/system/libsystem_platform.dylib
0x0000000002ed1000 	/usr/lib/system/libsystem_pthread.dylib
0x0000000002ed1000 	/usr/lib/system/libsystem_sandbox.dylib
0x0000000002ed1000 	/usr/lib/system/libsystem_secinit.dylib
0x0000000002ed1000 	/usr/lib/system/libsystem_trace.dylib
0x0000000002ed1000 	/usr/lib/system/libunc.dylib
0x0000000002ed1000 	/usr/lib/system/libunwind.dylib
0x0000000002ed1000 	/usr/lib/system/libxpc.dylib
0x0000000002ed1000 	/usr/lib/libenergytrace.dylib
0x0000000002ed1000 	/usr/lib/libbsm.0.dylib
0x0000000002ed1000 	/usr/lib/system/libkxld.dylib
0x0000000002ed1000 	/usr/lib/libxar.1.dylib
0x0000000002ed1000 	/usr/lib/libsqlite3.dylib
0x0000000002ed1000 	/usr/lib/libpam.2.dylib
0x0000000002ed1000 	/usr/lib/libOpenScriptingUtil.dylib
0x0000000002ed1000 	/usr/lib/libbz2.1.0.dylib
0x0000000002ed1000 	/usr/lib/liblzma.5.dylib
0x0000000002ed1000 	/System/Library/Frameworks/CoreServices.framework/Versions/A/Frameworks/FSEvents.framework/Versions/A/FSEvents
0x0000000002ed1000 	/System/Library/Frameworks/CoreServices.framework/Versions/A/Frameworks/CarbonCore.framework/Versions/A/CarbonCore
0x0000000002ed1000 	/System/Library/Frameworks/CoreServices.framework/Versions/A/Frameworks/Metadata.framework/Versions/A/Metadata
0x0000000002ed1000 	/System/Library/Frameworks/CoreServices.framework/Versions/A/Frameworks/OSServices.framework/Versions/A/OSServices
0x0000000002ed1000 	/System/Library/Frameworks/CoreServices.framework/Versions/A/Frameworks/SearchKit.framework/Versions/A/SearchKit
0x0000000002ed1000 	/System/Library/Frameworks/CoreServices.framework/Versions/A/Frameworks/AE.framework/Versions/A/AE
0x0000000002ed1000 	/System/Library/Frameworks/CoreServices.framework/Versions/A/Frameworks/LaunchServices.framework/Versions/A/LaunchServices
0x0000000002ed1000 	/System/Library/Frameworks/CoreServices.framework/Versions/A/Frameworks/DictionaryServices.framework/Versions/A/DictionaryServices
0x0000000002ed1000 	/System/Library/Frameworks/CoreServices.framework/Versions/A/Frameworks/SharedFileList.framework/Versions/A/SharedFileList
0x0000000002ed1000 	/System/Library/Frameworks/NetFS.framework/Versions/A/NetFS
0x0000000002ed1000 	/System/Library/PrivateFrameworks/NetAuth.framework/Versions/A/NetAuth
0x0000000002ed1000 	/System/Library/PrivateFrameworks/login.framework/Versions/A/Frameworks/loginsupport.framework/Versions/A/loginsupport
0x0000000002ed1000 	/System/Library/PrivateFrameworks/TCC.framework/Versions/A/TCC
0x0000000002ed1000 	/usr/lib/libmecabra.dylib
0x0000000002ed1000 	/System/Library/Frameworks/ApplicationServices.framework/Versions/A/Frameworks/ATS.framework/Versions/A/ATS
0x0000000002ed1000 	/System/Library/Frameworks/ApplicationServices.framework/Versions/A/Frameworks/ColorSync.framework/Versions/A/ColorSync
0x0000000002ed1000 	/System/Library/Frameworks/ApplicationServices.framework/Versions/A/Frameworks/HIServices.framework/Versions/A/HIServices
0x0000000002ed1000 	/System/Library/Frameworks/ApplicationServices.framework/Versions/A/Frameworks/LangAnalysis.framework/Versions/A/LangAnalysis
0x0000000002ed1000 	/System/Library/Frameworks/ApplicationServices.framework/Versions/A/Frameworks/PrintCore.framework/Versions/A/PrintCore
0x0000000002ed1000 	/System/Library/Frameworks/ApplicationServices.framework/Versions/A/Frameworks/QD.framework/Versions/A/QD
0x0000000002ed1000 	/System/Library/Frameworks/ApplicationServices.framework/Versions/A/Frameworks/SpeechSynthesis.framework/Versions/A/SpeechSynthesis
0x0000000002ed1000 	/System/Library/Frameworks/Metal.framework/Versions/A/Metal
0x0000000002ed1000 	/System/Library/Frameworks/Accelerate.framework/Versions/A/Frameworks/vImage.framework/Versions/A/vImage
0x0000000002ed1000 	/System/Library/Frameworks/Accelerate.framework/Versions/A/Frameworks/vecLib.framework/Versions/A/vecLib
0x0000000002ed1000 	/System/Library/Frameworks/Accelerate.framework/Versions/A/Frameworks/vecLib.framework/Versions/A/libvDSP.dylib
0x0000000002ed1000 	/System/Library/Frameworks/Accelerate.framework/Versions/A/Frameworks/vecLib.framework/Versions/A/libvMisc.dylib
0x0000000002ed1000 	/System/Library/Frameworks/Accelerate.framework/Versions/A/Frameworks/vecLib.framework/Versions/A/libLAPACK.dylib
0x0000000002ed1000 	/System/Library/Frameworks/Accelerate.framework/Versions/A/Frameworks/vecLib.framework/Versions/A/libBLAS.dylib
0x0000000002ed1000 	/System/Library/Frameworks/Accelerate.framework/Versions/A/Frameworks/vecLib.framework/Versions/A/libLinearAlgebra.dylib
0x0000000002ed1000 	/System/Library/Frameworks/Accelerate.framework/Versions/A/Frameworks/vecLib.framework/Versions/A/libSparseBLAS.dylib
0x0000000002ed1000 	/System/Library/PrivateFrameworks/GPUCompiler.framework/libmetal_timestamp.dylib
0x0000000002ed1000 	/System/Library/Frameworks/OpenGL.framework/Versions/A/Libraries/libCoreFSCache.dylib
0x0000000002ed1000 	/System/Library/PrivateFrameworks/IOAccelerator.framework/Versions/A/IOAccelerator
0x0000000002ed1000 	/System/Library/Frameworks/ApplicationServices.framework/Versions/A/Frameworks/ATS.framework/Versions/A/Resources/libFontParser.dylib
0x0000000002ed1000 	/System/Library/Frameworks/ApplicationServices.framework/Versions/A/Frameworks/ATS.framework/Versions/A/Resources/libFontRegistry.dylib
0x0000000002ed1000 	/System/Library/PrivateFrameworks/AppleVPA.framework/Versions/A/AppleVPA
0x0000000002ed1000 	/System/Library/PrivateFrameworks/AppleJPEG.framework/Versions/A/AppleJPEG
0x0000000002ed1000 	/System/Library/Frameworks/ImageIO.framework/Versions/A/Resources/libJPEG.dylib
0x0000000002ed1000 	/System/Library/Frameworks/ImageIO.framework/Versions/A/Resources/libTIFF.dylib
0x0000000002ed1000 	/System/Library/Frameworks/ImageIO.framework/Versions/A/Resources/libPng.dylib
0x0000000002ed1000 	/System/Library/Frameworks/ImageIO.framework/Versions/A/Resources/libGIF.dylib
0x0000000002ed1000 	/System/Library/Frameworks/ImageIO.framework/Versions/A/Resources/libJP2.dylib
0x0000000002ed1000 	/System/Library/Frameworks/ImageIO.framework/Versions/A/Resources/libRadiance.dylib
0x0000000002ed1000 	/System/Library/Frameworks/CoreVideo.framework/Versions/A/CoreVideo
0x0000000002ed1000 	/System/Library/Frameworks/OpenGL.framework/Versions/A/Libraries/libGLU.dylib
0x0000000002ed1000 	/System/Library/Frameworks/OpenGL.framework/Versions/A/Libraries/libGFXShared.dylib
0x0000000002ed1000 	/System/Library/Frameworks/OpenGL.framework/Versions/A/Libraries/libGL.dylib
0x0000000002ed1000 	/System/Library/Frameworks/OpenGL.framework/Versions/A/Libraries/libGLImage.dylib
0x0000000002ed1000 	/System/Library/Frameworks/OpenGL.framework/Versions/A/Libraries/libCVMSPluginSupport.dylib
0x0000000002ed1000 	/System/Library/Frameworks/OpenGL.framework/Versions/A/Libraries/libCoreVMClient.dylib
0x0000000002ed1000 	/usr/lib/libcups.2.dylib
0x0000000002ed1000 	/System/Library/Frameworks/Kerberos.framework/Versions/A/Kerberos
0x0000000002ed1000 	/System/Library/Frameworks/GSS.framework/Versions/A/GSS
0x0000000002ed1000 	/usr/lib/libresolv.9.dylib
0x0000000002ed1000 	/usr/lib/libiconv.2.dylib
0x0000000002ed1000 	/System/Library/PrivateFrameworks/Heimdal.framework/Versions/A/Heimdal
0x0000000002ed1000 	/usr/lib/libheimdal-asn1.dylib
0x0000000002ed1000 	/System/Library/Frameworks/OpenDirectory.framework/Versions/A/OpenDirectory
0x0000000002ed1000 	/System/Library/PrivateFrameworks/CommonAuth.framework/Versions/A/CommonAuth
0x0000000002ed1000 	/System/Library/Frameworks/OpenDirectory.framework/Versions/A/Frameworks/CFOpenDirectory.framework/Versions/A/CFOpenDirectory
0x0000000002ed1000 	/System/Library/Frameworks/SecurityFoundation.framework/Versions/A/SecurityFoundation
0x0000000002ed1000 	/System/Library/PrivateFrameworks/LanguageModeling.framework/Versions/A/LanguageModeling
0x0000000002ed1000 	/usr/lib/libmarisa.dylib
0x0000000002ed1000 	/usr/lib/libChineseTokenizer.dylib
0x0000000002ed1000 	/usr/lib/libcmph.dylib
0x0000000002ed1000 	/usr/lib/libcompression.dylib
0x0000000002ed1000 	/System/Library/Frameworks/ServiceManagement.framework/Versions/A/ServiceManagement
0x0000000002ed1000 	/usr/lib/libxslt.1.dylib
0x0000000002ed1000 	/System/Library/Frameworks/Carbon.framework/Versions/A/Frameworks/Ink.framework/Versions/A/Ink
0x0000000002ed1000 	/usr/lib/libFosl_dynamic.dylib
0x0000000002ed1000 	/System/Library/PrivateFrameworks/FaceCore.framework/Versions/A/FaceCore
0x0000000002ed1000 	/System/Library/Frameworks/OpenCL.framework/Versions/A/OpenCL
0x0000000002ed1000 	/System/Library/PrivateFrameworks/CrashReporterSupport.framework/Versions/A/CrashReporterSupport
0x0000000002ed1000 	/System/Library/PrivateFrameworks/IconServices.framework/Versions/A/IconServices
0x0000000002ed1000 	/System/Library/PrivateFrameworks/Apple80211.framework/Versions/A/Apple80211
0x0000000002ed1000 	/System/Library/Frameworks/CoreWLAN.framework/Versions/A/CoreWLAN
0x0000000002ed1000 	/System/Library/Frameworks/IOBluetooth.framework/Versions/A/IOBluetooth
0x0000000002ed1000 	/System/Library/PrivateFrameworks/CoreWiFi.framework/Versions/A/CoreWiFi
0x0000000002ed1000 	/System/Library/Frameworks/CoreBluetooth.framework/Versions/A/CoreBluetooth
0x0000000002ed1000 	/System/Library/PrivateFrameworks/ChunkingLibrary.framework/Versions/A/ChunkingLibrary
0x0000000002ed1000 	/System/Library/PrivateFrameworks/DebugSymbols.framework/Versions/A/DebugSymbols
0x0000000002ed1000 	/System/Library/PrivateFrameworks/CoreSymbolication.framework/Versions/A/CoreSymbolication
0x0000000002ed1000 	/System/Library/PrivateFrameworks/Symbolication.framework/Versions/A/Symbolication
0x0000000002ed1000 	/System/Library/PrivateFrameworks/SpeechRecognitionCore.framework/Versions/A/SpeechRecognitionCore
0x000000010f600000 	/Library/Java/JavaVirtualMachines/jdk1.8.0_45.jdk/Contents/Home/jre/lib/server/libjvm.dylib
0x0000000002ed1000 	/usr/lib/libstdc++.6.dylib
0x000000010e481000 	/Library/Java/JavaVirtualMachines/jdk1.8.0_45.jdk/Contents/Home/jre/lib/libverify.dylib
0x000000010e48f000 	/Library/Java/JavaVirtualMachines/jdk1.8.0_45.jdk/Contents/Home/jre/lib/libjava.dylib
0x000000010e4ce000 	/Library/Java/JavaVirtualMachines/jdk1.8.0_45.jdk/Contents/Home/jre/lib/libzip.dylib
0x000000012b4fa000 	/System/Library/Frameworks/JavaVM.framework/Frameworks/JavaRuntimeSupport.framework/JavaRuntimeSupport
0x000000012b515000 	/System/Library/Frameworks/JavaVM.framework/Versions/A/Frameworks/JavaNativeFoundation.framework/Versions/A/JavaNativeFoundation
0x000000012b52a000 	/System/Library/Frameworks/JavaVM.framework/Versions/A/JavaVM
0x0000000002ed1000 	/System/Library/Frameworks/Carbon.framework/Versions/A/Carbon
0x000000012b537000 	/System/Library/PrivateFrameworks/JavaLaunching.framework/Versions/A/JavaLaunching
0x0000000002ed1000 	/System/Library/Frameworks/Carbon.framework/Versions/A/Frameworks/CommonPanels.framework/Versions/A/CommonPanels
0x0000000002ed1000 	/System/Library/Frameworks/Carbon.framework/Versions/A/Frameworks/Help.framework/Versions/A/Help
0x0000000002ed1000 	/System/Library/Frameworks/Carbon.framework/Versions/A/Frameworks/ImageCapture.framework/Versions/A/ImageCapture
0x0000000002ed1000 	/System/Library/Frameworks/Carbon.framework/Versions/A/Frameworks/OpenScripting.framework/Versions/A/OpenScripting
0x0000000002ed1000 	/System/Library/Frameworks/Carbon.framework/Versions/A/Frameworks/Print.framework/Versions/A/Print
0x0000000002ed1000 	/System/Library/Frameworks/Carbon.framework/Versions/A/Frameworks/SecurityHI.framework/Versions/A/SecurityHI
0x000000012cf50000 	/Library/Java/JavaVirtualMachines/jdk1.8.0_45.jdk/Contents/Home/jre/lib/libprism_es2.dylib
0x0000000002ed1000 	/System/Library/Frameworks/OpenGL.framework/Versions/A/Resources/GLEngine.bundle/GLEngine
0x0000000002ed1000 	/System/Library/Frameworks/OpenGL.framework/Versions/A/Libraries/libGLProgrammability.dylib
0x000000012cfd2000 	/System/Library/Extensions/AppleIntelHD5000GraphicsGLDriver.bundle/Contents/MacOS/AppleIntelHD5000GraphicsGLDriver
0x0000000002ed1000 	/System/Library/PrivateFrameworks/GPUSupport.framework/Versions/A/Libraries/libGPUSupportMercury.dylib
0x0000000002ed1000 	/System/Library/Extensions/GeForceGLDriver.bundle/Contents/MacOS/GeForceGLDriver
0x0000000002ed1000 	/System/Library/Extensions/GeForceGLDriver.bundle/Contents/MacOS/libclh.dylib
0x0000000002ed1000 	/System/Library/Frameworks/OpenGL.framework/Versions/A/Resources/GLRendererFloat.bundle/GLRendererFloat
0x0000000002ed1000 	/System/Library/Frameworks/OpenCL.framework/Versions/A/Libraries/libcldcpuengine.dylib
0x0000000002ed1000 	/System/Library/PrivateFrameworks/DiskImages.framework/Versions/A/DiskImages
0x0000000002ed1000 	/System/Library/Frameworks/DiscRecording.framework/Versions/A/DiscRecording
0x0000000002ed1000 	/usr/lib/libcsfde.dylib
0x0000000002ed1000 	/usr/lib/libcurl.4.dylib
0x0000000002ed1000 	/System/Library/PrivateFrameworks/MediaKit.framework/Versions/A/MediaKit
0x0000000002ed1000 	/System/Library/PrivateFrameworks/ProtectedCloudStorage.framework/Versions/A/ProtectedCloudStorage
0x0000000002ed1000 	/usr/lib/libCoreStorage.dylib
0x0000000002ed1000 	/System/Library/PrivateFrameworks/EFILogin.framework/Versions/A/EFILogin
0x0000000002ed1000 	/usr/lib/libutil.dylib
0x0000000002ed1000 	/System/Library/PrivateFrameworks/FindMyDevice.framework/Versions/A/FindMyDevice
0x0000000002ed1000 	/System/Library/Frameworks/LDAP.framework/Versions/A/LDAP
0x0000000002ed1000 	/usr/lib/libsasl2.2.dylib
0x0000000002ed1000 	/System/Library/PrivateFrameworks/CoreDaemon.framework/Versions/B/CoreDaemon
0x0000000002ed1000 	/usr/lib/libcrypto.0.9.8.dylib
0x0000000002ed1000 	/System/Library/PrivateFrameworks/AppleSRP.framework/Versions/A/AppleSRP
0x0000000002ed1000 	/System/Library/PrivateFrameworks/TrustEvaluationAgent.framework/Versions/A/TrustEvaluationAgent
0x000000012d990000 	/Library/Java/JavaVirtualMachines/jdk1.8.0_45.jdk/Contents/Home/jre/lib/libglass.dylib
0x0000000002ed1000 	/System/Library/PrivateFrameworks/CoreServicesInternal.framework/Versions/A/CoreServicesInternal
0x0000000002ed1000 	/System/Library/CoreServices/RawCamera.bundle/Contents/MacOS/RawCamera
0x0000000002ed1000 	/System/Library/Frameworks/CoreGraphics.framework/Versions/A/Resources/libRIP.A.dylib
0x0000000002ed1000 	/System/Library/Frameworks/Accelerate.framework/Versions/A/Frameworks/vImage.framework/Versions/A/Libraries/libCGInterfaces.dylib
0x0000000002ed1000 	/System/Library/PrivateFrameworks/FamilyControls.framework/Versions/A/FamilyControls
0x0000000002ed1000 	/System/Library/PrivateFrameworks/CommerceKit.framework/Versions/A/Frameworks/CommerceCore.framework/Versions/A/CommerceCore
0x0000000002ed1000 	/System/Library/PrivateFrameworks/SystemAdministration.framework/Versions/A/SystemAdministration
0x0000000002ed1000 	/System/Library/PrivateFrameworks/AppContainer.framework/Versions/A/AppContainer
0x0000000002ed1000 	/System/Library/PrivateFrameworks/SecCodeWrapper.framework/Versions/A/SecCodeWrapper
0x0000000002ed1000 	/System/Library/Frameworks/DirectoryService.framework/Versions/A/DirectoryService
0x0000000002ed1000 	/System/Library/PrivateFrameworks/LoginUIKit.framework/Versions/A/Frameworks/LoginUICore.framework/Versions/A/LoginUICore
0x0000000002ed1000 	/usr/lib/libodfde.dylib
0x0000000131770000 	/Library/ScriptingAdditions/SIMBL.osax/Contents/MacOS/SIMBL
0x0000000131799000 	/Users/Saeid/Library/Application Support/SIMBL/Plugins/Afloat.bundle/Contents/MacOS/Afloat

VM Arguments:
jvm_args: -Dfile.encoding=UTF-8 
java_command: jcd.Demo
java_class_path (initial): /Volumes/Files/Documents/Java/jClassDesignerApp/javax.json-1.0.4.jar:/Volumes/Files/Documents/Java/jClassDesignerApp/PropertiesManager.jar:/Volumes/Files/Documents/Java/jClassDesignerApp/XMLUtilities.jar:/Volumes/Files/Documents/Java/PrototypingAppFramework/build/classes:/Volumes/Files/Documents/Java/jClassDesignerApp/commons-io-2.5-javadoc.jar:/Volumes/Files/Documents/Java/jClassDesignerApp/commons-io-2.5.jar:/Volumes/Files/Documents/Java/jClassDesignerApp/controlsfx-8.40.10.jar:/Volumes/Files/Documents/Java/jClassDesignerApp/controlsfx-samples-8.40.10.jar:/Volumes/Files/Documents/Java/jClassDesignerApp/fxsampler-1.0.9.jar:/Volumes/Files/Documents/Java/jClassDesignerApp/build/classes
Launcher Type: SUN_STANDARD

Environment Variables:
PATH=/usr/bin:/bin:/usr/sbin:/sbin
LD_LIBRARY_PATH=/Library/Java/JavaVirtualMachines/jdk1.8.0_45.jdk/Contents/Home/jre/lib/amd64:/Library/Java/JavaVirtualMachines/jdk1.8.0_45.jdk/Contents/Home/jre/lib/i386:
SHELL=/bin/bash

Signal Handlers:
SIGSEGV: [libjvm.dylib+0x58ef95], sa_mask[0]=11111111011111110111111111111111, sa_flags=SA_ONSTACK|SA_RESTART|SA_SIGINFO
SIGBUS: [libjvm.dylib+0x58ef95], sa_mask[0]=11111111011111110111111111111111, sa_flags=SA_RESTART|SA_SIGINFO
SIGFPE: [libjvm.dylib+0x46c108], sa_mask[0]=11111111011111110111111111111111, sa_flags=SA_RESTART|SA_SIGINFO
SIGPIPE: [libjvm.dylib+0x46c108], sa_mask[0]=11111111011111110111111111111111, sa_flags=SA_RESTART|SA_SIGINFO
SIGXFSZ: [libjvm.dylib+0x46c108], sa_mask[0]=11111111011111110111111111111111, sa_flags=SA_RESTART|SA_SIGINFO
SIGILL: [libjvm.dylib+0x46c108], sa_mask[0]=11111111011111110111111111111111, sa_flags=SA_RESTART|SA_SIGINFO
SIGUSR1: SIG_DFL, sa_mask[0]=00000000000000000000000000000000, sa_flags=none
SIGUSR2: [libjvm.dylib+0x46bc26], sa_mask[0]=00100000000000000000000000000000, sa_flags=SA_RESTART|SA_SIGINFO
SIGHUP: [libjvm.dylib+0x46a1f9], sa_mask[0]=11111111011111110111111111111111, sa_flags=SA_RESTART|SA_SIGINFO
SIGINT: SIG_IGN, sa_mask[0]=00000000000000000000000000000000, sa_flags=none
SIGTERM: [libjvm.dylib+0x46a1f9], sa_mask[0]=11111111011111110111111111111111, sa_flags=SA_RESTART|SA_SIGINFO
SIGQUIT: [libjvm.dylib+0x46a1f9], sa_mask[0]=11111111011111110111111111111111, sa_flags=SA_RESTART|SA_SIGINFO


---------------  S Y S T E M  ---------------

OS:Bsduname:Darwin 15.4.0 Darwin Kernel Version 15.4.0: Fri Feb 26 22:08:05 PST 2016; root:xnu-3248.40.184~3/RELEASE_X86_64 x86_64
rlimit: STACK 8192k, CORE 0k, NPROC 709, NOFILE 10240, AS infinity
load average:1.83 1.76 1.69

CPU:total 8 (4 cores per cpu, 2 threads per core) family 6 model 70 stepping 1, cmov, cx8, fxsr, mmx, sse, sse2, sse3, ssse3, sse4.1, sse4.2, popcnt, avx, avx2, aes, clmul, erms, rtm, lzcnt, ht, tsc, tscinvbit, bmi1, bmi2

Memory: 4k page, physical 16777216k(2151040k free)

/proc/meminfo:


vm_info: Java HotSpot(TM) 64-Bit Server VM (25.45-b02) for bsd-amd64 JRE (1.8.0_45-b14), built on Apr 10 2015 10:46:38 by "java_re" with gcc 4.2.1 (Based on Apple Inc. build 5658) (LLVM build 2336.11.00)

time: Tue May  3 20:29:07 2016
elapsed time: 0 seconds (0d 0h 0m 0s)

